<?xml version="1.0" encoding="UTF-8"?>
<!-- Generated by org.testng.reporters.JUnitReportReporter -->
<testsuite hostname="user-PC" name="com.model.Assignment8" tests="1" failures="0" timestamp="18 Jul 2019 08:59:44 GMT" time="3.142" errors="0">
  <testcase name="test1" time="3.142" classname="com.model.Assignment8"/>
</testsuite> <!-- com.model.Assignment8 -->
